<?xml version="1.0" encoding="UTF-8"?>
<testsuite name="com.generic.retailer.discountrules.TwentyPercentOffDiscountRuleTests" tests="1" skipped="0" failures="0" errors="0" timestamp="2018-05-17T11:12:02" hostname="Georges-MacBook-Pro.local" time="0.005">
  <properties/>
  <testcase name="should_apply_20_percent_off_in_given_trolley_items" classname="com.generic.retailer.discountrules.TwentyPercentOffDiscountRuleTests" time="0.005"/>
  <system-out><![CDATA[]]></system-out>
  <system-err><![CDATA[]]></system-err>
</testsuite>
