<?xml version="1.0" encoding="UTF-8"?>
<testsuite name="com.generic.retailer.discountbroker.DiscountBrokerTests" tests="3" skipped="0" failures="0" errors="0" timestamp="2018-05-17T11:12:02" hostname="Georges-MacBook-Pro.local" time="0.002">
  <properties/>
  <testcase name="should_throw_NullPointerException_given_broker_rule" classname="com.generic.retailer.discountbroker.DiscountBrokerTests" time="0.0"/>
  <testcase name="should_apply_discount_rule_given_that_the_predicate_evaluates_to_true" classname="com.generic.retailer.discountbroker.DiscountBrokerTests" time="0.0"/>
  <testcase name="should_throw_NullPointerException_given_discount_rule" classname="com.generic.retailer.discountbroker.DiscountBrokerTests" time="0.001"/>
  <system-out><![CDATA[]]></system-out>
  <system-err><![CDATA[]]></system-err>
</testsuite>
