<?xml version="1.0" encoding="UTF-8"?>
<testsuite name="com.generic.retailer.inventory.InventoryRepositoryTests" tests="3" skipped="0" failures="0" errors="0" timestamp="2018-05-17T11:12:02" hostname="Georges-MacBook-Pro.local" time="0.007">
  <properties/>
  <testcase name="should_return_an_empty_optional_given_the_product_exists_in_the_inventory" classname="com.generic.retailer.inventory.InventoryRepositoryTests" time="0.001"/>
  <testcase name="should_return_all_products_in_the_inventory" classname="com.generic.retailer.inventory.InventoryRepositoryTests" time="0.006"/>
  <testcase name="should_return_a_product_by_name_given_the_product_exists_in_the_inventory" classname="com.generic.retailer.inventory.InventoryRepositoryTests" time="0.0"/>
  <system-out><![CDATA[]]></system-out>
  <system-err><![CDATA[]]></system-err>
</testsuite>
