<?xml version="1.0" encoding="UTF-8"?>
<testsuite name="com.generic.retailer.CliTest" tests="5" skipped="0" failures="0" errors="0" timestamp="2018-05-17T11:12:02" hostname="Georges-MacBook-Pro.local" time="0.108">
  <properties/>
  <testcase name="testAggregatedReceipt" classname="com.generic.retailer.CliTest" time="0.09"/>
  <testcase name="testDiscount2For1OnThursdays" classname="com.generic.retailer.CliTest" time="0.006"/>
  <testcase name="testDiscountThursdays" classname="com.generic.retailer.CliTest" time="0.006"/>
  <testcase name="testReceipt" classname="com.generic.retailer.CliTest" time="0.003"/>
  <testcase name="testDiscountTwoForOne" classname="com.generic.retailer.CliTest" time="0.003"/>
  <system-out><![CDATA[]]></system-out>
  <system-err><![CDATA[]]></system-err>
</testsuite>
