<?xml version="1.0" encoding="UTF-8"?>
<testsuite name="com.generic.retailer.checkoutmanager.CheckoutManagerTests" tests="4" skipped="0" failures="0" errors="0" timestamp="2018-05-16T06:08:26" hostname="Georges-MacBook-Pro.local" time="0.019">
  <properties/>
  <testcase name="should_thrown_NullPointerException_given_null_receipt_lines" classname="com.generic.retailer.checkoutmanager.CheckoutManagerTests" time="0.0"/>
  <testcase name="should_thrown_NullPointerException_given_null_receipt" classname="com.generic.retailer.checkoutmanager.CheckoutManagerTests" time="0.0"/>
  <testcase name="should_build_a_reciept_given_a_trolley_with_items_in_it" classname="com.generic.retailer.checkoutmanager.CheckoutManagerTests" time="0.013"/>
  <testcase name="should_get_the_reciept_to_print_as_a_string" classname="com.generic.retailer.checkoutmanager.CheckoutManagerTests" time="0.004"/>
  <system-out><![CDATA[]]></system-out>
  <system-err><![CDATA[]]></system-err>
</testsuite>
